app/api/assessment/lightning/start/route.ts(7,3): error TS2305: Module '"@/lib/assessment/types"' has no exported member 'StartLightningRoundRequest'.
app/api/assessment/lightning/start/route.ts(8,3): error TS2305: Module '"@/lib/assessment/types"' has no exported member 'StartLightningRoundResponse'.
app/api/assessment/lightning/start/route.ts(9,3): error TS2724: '"@/lib/assessment/types"' has no exported member named 'LightningRoundQuestion'. Did you mean 'LightningRoundSession'?
app/api/assessment/lightning/start/route.ts(10,3): error TS2305: Module '"@/lib/assessment/types"' has no exported member 'LightningDifficulty'.
app/api/assessment/lightning/submit/route.ts(7,3): error TS2305: Module '"@/lib/assessment/types"' has no exported member 'SubmitLightningRoundRequest'.
app/api/assessment/lightning/submit/route.ts(8,3): error TS2305: Module '"@/lib/assessment/types"' has no exported member 'SubmitLightningRoundResponse'.
app/api/assessment/lightning/submit/route.ts(9,3): error TS2724: '"@/lib/assessment/types"' has no exported member named 'LightningRoundQuestion'. Did you mean 'LightningRoundSession'?
app/api/assessment/lightning/submit/route.ts(10,3): error TS2305: Module '"@/lib/assessment/types"' has no exported member 'LightningDifficulty'.
app/api/assessment/lightning/submit/route.ts(72,38): error TS7006: Parameter 'a' implicitly has an 'any' type.
app/api/profiles/[slug]/route.ts(6,15): error TS2305: Module '"@/lib/assessment/types"' has no exported member 'PublicProfile'.
app/api/profiles/route.ts(6,15): error TS2305: Module '"@/lib/assessment/types"' has no exported member 'BrowseProfilesResponse'.
app/api/profiles/route.ts(6,39): error TS2305: Module '"@/lib/assessment/types"' has no exported member 'PublicProfile'.
app/assessment/interview/page.tsx(29,5): error TS6133: 'isFirstQuestion' is declared but its value is never read.
app/assessment/interview/page.tsx(31,5): error TS6133: 'canGoNext' is declared but its value is never read.
app/assessment/interview/page.tsx(45,10): error TS6133: 'currentSectionIndexState' is declared but its value is never read.
app/assessment/interview/page.tsx(86,13): error TS7030: Not all code paths return a value.
app/assessment/interview/page.tsx(280,18): error TS2367: This comparison appears to be unintentional because the types '"error" | "completed" | "in_progress" | "not_started" | "submitting_answer"' and '"completing"' have no overlap.
app/assessment/lightning/page.tsx(23,3): error TS2724: '"@/lib/assessment/types"' has no exported member named 'LightningRoundQuestion'. Did you mean 'LightningRoundSession'?
app/assessment/lightning/page.tsx(24,3): error TS2305: Module '"@/lib/assessment/types"' has no exported member 'LightningRoundAnswer'.
app/assessment/lightning/page.tsx(25,3): error TS2305: Module '"@/lib/assessment/types"' has no exported member 'StartLightningRoundResponse'.
app/assessment/lightning/page.tsx(26,3): error TS2305: Module '"@/lib/assessment/types"' has no exported member 'SubmitLightningRoundResponse'.
app/assessment/lightning/page.tsx(27,3): error TS2305: Module '"@/lib/assessment/types"' has no exported member 'LightningDifficulty'.
app/auth/set-password/page.tsx(21,10): error TS6133: 'userName' is declared but its value is never read.
app/members/invite/page.tsx(25,10): error TS6133: 'userRegionId' is declared but its value is never read.
app/members/invites/page.tsx(25,10): error TS6133: 'userRole' is declared but its value is never read.
app/profiles/[slug]/page.tsx(19,15): error TS2305: Module '"@/lib/assessment/types"' has no exported member 'PublicProfile'.
app/profiles/[slug]/page.tsx(143,36): error TS7006: Parameter 'badge' implicitly has an 'any' type.
app/profiles/[slug]/page.tsx(143,43): error TS7006: Parameter 'idx' implicitly has an 'any' type.
app/profiles/[slug]/page.tsx(173,66): error TS2322: Type 'unknown' is not assignable to type 'ReactNode'.
app/profiles/[slug]/page.tsx(189,66): error TS2322: Type 'unknown' is not assignable to type 'ReactNode'.
app/profiles/[slug]/page.tsx(205,66): error TS2322: Type 'unknown' is not assignable to type 'ReactNode'.
app/profiles/[slug]/page.tsx(221,44): error TS7006: Parameter 'role' implicitly has an 'any' type.
app/profiles/[slug]/page.tsx(221,50): error TS7006: Parameter 'idx' implicitly has an 'any' type.
app/profiles/page.tsx(19,15): error TS2305: Module '"@/lib/assessment/types"' has no exported member 'PublicProfile'.
components/assessment/EnhancedQuestionCard.tsx(58,26): error TS2554: Expected 1 arguments, but got 0.
components/assessment/NavigationButtons.tsx(25,3): error TS6133: 'canGoNext' is declared but its value is never read.
components/glitch-intro/GlitchSubliminalFlash.tsx(9,56): error TS6133: 'flashBackground' is declared but its value is never read.
components/GlitchIntro.tsx(23,10): error TS6133: 'elapsed' is declared but its value is never read.
components/GlitchIntro.tsx(27,10): error TS6133: 'flashIndex' is declared but its value is never read.
components/GlitchIntroV2.backup.tsx(24,37): error TS6133: 'contentLoaded' is declared but its value is never read.
components/GlitchIntroV2.backup.tsx(32,5): error TS6133: 'elapsed' is declared but its value is never read.
components/GlitchIntroV2.tsx(28,37): error TS6133: 'contentLoaded' is declared but its value is never read.
components/GlitchIntroV2.tsx(36,5): error TS6133: 'elapsed' is declared but its value is never read.
components/HomePage.tsx(47,13): error TS6133: 'response' is declared but its value is never read.
components/profiles/ProfileCard.tsx(4,15): error TS2305: Module '"@/lib/assessment/types"' has no exported member 'PublicProfile'.
components/profiles/ProfileCard.tsx(67,31): error TS7006: Parameter 'badge' implicitly has an 'any' type.
components/profiles/ProfileCard.tsx(67,38): error TS7006: Parameter 'idx' implicitly has an 'any' type.
lib/api/privacy.ts(3,15): error TS2305: Module '"@/lib/assessment/types"' has no exported member 'PublicProfile'.
lib/assessment/__tests__/category-scoring.test.ts(11,32): error TS6133: 'CategoryScores' is declared but its value is never read.
lib/assessment/__tests__/category-scoring.test.ts(13,1): error TS2582: Cannot find name 'describe'. Do you need to install type definitions for a test runner? Try `npm i --save-dev @types/jest` or `npm i --save-dev @types/mocha`.
lib/assessment/__tests__/category-scoring.test.ts(35,3): error TS2582: Cannot find name 'describe'. Do you need to install type definitions for a test runner? Try `npm i --save-dev @types/jest` or `npm i --save-dev @types/mocha`.
lib/assessment/__tests__/category-scoring.test.ts(36,5): error TS2582: Cannot find name 'it'. Do you need to install type definitions for a test runner? Try `npm i --save-dev @types/jest` or `npm i --save-dev @types/mocha`.
lib/assessment/__tests__/category-scoring.test.ts(40,7): error TS2304: Cannot find name 'expect'.
lib/assessment/__tests__/category-scoring.test.ts(41,7): error TS2304: Cannot find name 'expect'.
lib/assessment/__tests__/category-scoring.test.ts(42,7): error TS2304: Cannot find name 'expect'.
lib/assessment/__tests__/category-scoring.test.ts(43,7): error TS2304: Cannot find name 'expect'.
lib/assessment/__tests__/category-scoring.test.ts(44,7): error TS2304: Cannot find name 'expect'.
lib/assessment/__tests__/category-scoring.test.ts(47,5): error TS2582: Cannot find name 'it'. Do you need to install type definitions for a test runner? Try `npm i --save-dev @types/jest` or `npm i --save-dev @types/mocha`.
lib/assessment/__tests__/category-scoring.test.ts(51,7): error TS2304: Cannot find name 'expect'.
lib/assessment/__tests__/category-scoring.test.ts(52,7): error TS2304: Cannot find name 'expect'.
lib/assessment/__tests__/category-scoring.test.ts(53,7): error TS2304: Cannot find name 'expect'.
lib/assessment/__tests__/category-scoring.test.ts(54,7): error TS2304: Cannot find name 'expect'.
lib/assessment/__tests__/category-scoring.test.ts(55,7): error TS2304: Cannot find name 'expect'.
lib/assessment/__tests__/category-scoring.test.ts(56,7): error TS2304: Cannot find name 'expect'.
lib/assessment/__tests__/category-scoring.test.ts(59,5): error TS2582: Cannot find name 'it'. Do you need to install type definitions for a test runner? Try `npm i --save-dev @types/jest` or `npm i --save-dev @types/mocha`.
lib/assessment/__tests__/category-scoring.test.ts(63,7): error TS2304: Cannot find name 'expect'.
lib/assessment/__tests__/category-scoring.test.ts(64,7): error TS2304: Cannot find name 'expect'.
lib/assessment/__tests__/category-scoring.test.ts(65,7): error TS2304: Cannot find name 'expect'.
lib/assessment/__tests__/category-scoring.test.ts(66,7): error TS2304: Cannot find name 'expect'.
lib/assessment/__tests__/category-scoring.test.ts(67,7): error TS2304: Cannot find name 'expect'.
lib/assessment/__tests__/category-scoring.test.ts(70,5): error TS2582: Cannot find name 'it'. Do you need to install type definitions for a test runner? Try `npm i --save-dev @types/jest` or `npm i --save-dev @types/mocha`.
lib/assessment/__tests__/category-scoring.test.ts(81,7): error TS2304: Cannot find name 'expect'.
lib/assessment/__tests__/category-scoring.test.ts(85,3): error TS2582: Cannot find name 'describe'. Do you need to install type definitions for a test runner? Try `npm i --save-dev @types/jest` or `npm i --save-dev @types/mocha`.
lib/assessment/__tests__/category-scoring.test.ts(86,5): error TS2582: Cannot find name 'it'. Do you need to install type definitions for a test runner? Try `npm i --save-dev @types/jest` or `npm i --save-dev @types/mocha`.
lib/assessment/__tests__/category-scoring.test.ts(91,7): error TS2304: Cannot find name 'expect'.
lib/assessment/__tests__/category-scoring.test.ts(94,5): error TS2582: Cannot find name 'it'. Do you need to install type definitions for a test runner? Try `npm i --save-dev @types/jest` or `npm i --save-dev @types/mocha`.
lib/assessment/__tests__/category-scoring.test.ts(105,7): error TS2304: Cannot find name 'expect'.
lib/assessment/__tests__/category-scoring.test.ts(109,3): error TS2582: Cannot find name 'describe'. Do you need to install type definitions for a test runner? Try `npm i --save-dev @types/jest` or `npm i --save-dev @types/mocha`.
lib/assessment/__tests__/category-scoring.test.ts(110,5): error TS2582: Cannot find name 'it'. Do you need to install type definitions for a test runner? Try `npm i --save-dev @types/jest` or `npm i --save-dev @types/mocha`.
lib/assessment/__tests__/category-scoring.test.ts(114,7): error TS2304: Cannot find name 'expect'.
lib/assessment/__tests__/category-scoring.test.ts(117,5): error TS2582: Cannot find name 'it'. Do you need to install type definitions for a test runner? Try `npm i --save-dev @types/jest` or `npm i --save-dev @types/mocha`.
lib/assessment/__tests__/category-scoring.test.ts(128,7): error TS2304: Cannot find name 'expect'.
lib/assessment/__tests__/category-scoring.test.ts(132,3): error TS2582: Cannot find name 'describe'. Do you need to install type definitions for a test runner? Try `npm i --save-dev @types/jest` or `npm i --save-dev @types/mocha`.
lib/assessment/__tests__/category-scoring.test.ts(133,5): error TS2582: Cannot find name 'it'. Do you need to install type definitions for a test runner? Try `npm i --save-dev @types/jest` or `npm i --save-dev @types/mocha`.
lib/assessment/__tests__/category-scoring.test.ts(137,7): error TS2304: Cannot find name 'expect'.
lib/assessment/__tests__/category-scoring.test.ts(141,3): error TS2582: Cannot find name 'describe'. Do you need to install type definitions for a test runner? Try `npm i --save-dev @types/jest` or `npm i --save-dev @types/mocha`.
lib/assessment/__tests__/category-scoring.test.ts(142,5): error TS2582: Cannot find name 'it'. Do you need to install type definitions for a test runner? Try `npm i --save-dev @types/jest` or `npm i --save-dev @types/mocha`.
lib/assessment/__tests__/category-scoring.test.ts(151,7): error TS2304: Cannot find name 'expect'.
lib/assessment/__tests__/category-scoring.test.ts(154,5): error TS2582: Cannot find name 'it'. Do you need to install type definitions for a test runner? Try `npm i --save-dev @types/jest` or `npm i --save-dev @types/mocha`.
lib/assessment/__tests__/category-scoring.test.ts(163,7): error TS2304: Cannot find name 'expect'.
lib/assessment/__tests__/category-scoring.test.ts(166,5): error TS2582: Cannot find name 'it'. Do you need to install type definitions for a test runner? Try `npm i --save-dev @types/jest` or `npm i --save-dev @types/mocha`.
lib/assessment/__tests__/category-scoring.test.ts(176,7): error TS2304: Cannot find name 'expect'.
lib/assessment/__tests__/category-scoring.test.ts(180,3): error TS2582: Cannot find name 'describe'. Do you need to install type definitions for a test runner? Try `npm i --save-dev @types/jest` or `npm i --save-dev @types/mocha`.
lib/assessment/__tests__/category-scoring.test.ts(181,5): error TS2582: Cannot find name 'it'. Do you need to install type definitions for a test runner? Try `npm i --save-dev @types/jest` or `npm i --save-dev @types/mocha`.
lib/assessment/__tests__/category-scoring.test.ts(185,7): error TS2304: Cannot find name 'expect'.
lib/assessment/__tests__/category-scoring.test.ts(186,7): error TS2304: Cannot find name 'expect'.
lib/assessment/__tests__/category-scoring.test.ts(187,7): error TS2304: Cannot find name 'expect'.
lib/assessment/__tests__/category-scoring.test.ts(188,7): error TS2304: Cannot find name 'expect'.
lib/assessment/__tests__/category-scoring.test.ts(191,5): error TS2582: Cannot find name 'it'. Do you need to install type definitions for a test runner? Try `npm i --save-dev @types/jest` or `npm i --save-dev @types/mocha`.
lib/assessment/__tests__/category-scoring.test.ts(202,7): error TS2304: Cannot find name 'expect'.
lib/assessment/__tests__/category-scoring.test.ts(203,7): error TS2304: Cannot find name 'expect'.
lib/assessment/__tests__/category-scoring.test.ts(204,7): error TS2304: Cannot find name 'expect'.
lib/assessment/__tests__/category-scoring.test.ts(207,5): error TS2582: Cannot find name 'it'. Do you need to install type definitions for a test runner? Try `npm i --save-dev @types/jest` or `npm i --save-dev @types/mocha`.
lib/assessment/__tests__/category-scoring.test.ts(218,7): error TS2304: Cannot find name 'expect'.
lib/assessment/__tests__/category-scoring.test.ts(222,3): error TS2582: Cannot find name 'describe'. Do you need to install type definitions for a test runner? Try `npm i --save-dev @types/jest` or `npm i --save-dev @types/mocha`.
lib/assessment/__tests__/category-scoring.test.ts(223,5): error TS2582: Cannot find name 'it'. Do you need to install type definitions for a test runner? Try `npm i --save-dev @types/jest` or `npm i --save-dev @types/mocha`.
lib/assessment/__tests__/category-scoring.test.ts(232,7): error TS2304: Cannot find name 'expect'.
lib/assessment/__tests__/category-scoring.test.ts(233,7): error TS2304: Cannot find name 'expect'.
lib/assessment/__tests__/category-scoring.test.ts(234,7): error TS2304: Cannot find name 'expect'.
lib/assessment/__tests__/category-scoring.test.ts(237,7): error TS2304: Cannot find name 'expect'.
lib/assessment/__tests__/category-scoring.test.ts(240,5): error TS2582: Cannot find name 'it'. Do you need to install type definitions for a test runner? Try `npm i --save-dev @types/jest` or `npm i --save-dev @types/mocha`.
lib/assessment/__tests__/category-scoring.test.ts(249,7): error TS2304: Cannot find name 'expect'.
lib/assessment/__tests__/category-scoring.test.ts(250,7): error TS2304: Cannot find name 'expect'.
lib/assessment/__tests__/category-scoring.test.ts(251,7): error TS2304: Cannot find name 'expect'.
lib/assessment/__tests__/category-scoring.test.ts(254,7): error TS2304: Cannot find name 'expect'.
lib/assessment/__tests__/category-scoring.test.ts(256,7): error TS2304: Cannot find name 'expect'.
lib/assessment/__tests__/personality-weights.test.ts(13,1): error TS2582: Cannot find name 'describe'. Do you need to install type definitions for a test runner? Try `npm i --save-dev @types/jest` or `npm i --save-dev @types/mocha`.
lib/assessment/__tests__/personality-weights.test.ts(31,3): error TS2582: Cannot find name 'describe'. Do you need to install typ